01/24/2022 01:20:04 PM Loop Swap Page Start
01/24/2022 01:20:17 PM Loop Swap Page Stop Pending240 Second
01/24/2022 01:20:17 PM Loop Refresh Stamina Start
01/24/2022 01:20:19 PM Select Button Pause Game
01/24/2022 01:20:22 PM Select Button Heroes
01/24/2022 01:20:27 PM Select Button Reset
01/24/2022 01:20:35 PM Select Button All
01/24/2022 01:20:37 PM Go to Game
01/24/2022 01:20:39 PM Loop Refresh Stamina Stop Pending 5400 Second
01/24/2022 01:24:09 PM Loop Swap Page Start
01/24/2022 01:24:22 PM Loop Swap Page Stop Pending240 Second
01/24/2022 01:28:12 PM Loop Swap Page Start
01/24/2022 01:28:25 PM Loop Swap Page Stop Pending240 Second
01/24/2022 01:32:15 PM Loop Swap Page Start
01/24/2022 01:32:27 PM Loop Swap Page Stop Pending240 Second
01/24/2022 01:36:18 PM Loop Swap Page Start
01/24/2022 01:36:30 PM Loop Swap Page Stop Pending240 Second
01/24/2022 01:40:20 PM Loop Swap Page Start
01/24/2022 01:40:33 PM Loop Swap Page Stop Pending240 Second
01/24/2022 01:44:23 PM Loop Swap Page Start
01/24/2022 01:44:36 PM Loop Swap Page Stop Pending240 Second
01/24/2022 01:48:26 PM Loop Swap Page Start
01/24/2022 01:48:38 PM Loop Swap Page Stop Pending240 Second
01/24/2022 01:52:29 PM Loop Swap Page Start
01/24/2022 01:52:41 PM Loop Swap Page Stop Pending240 Second
01/24/2022 01:56:31 PM Loop Swap Page Start
01/24/2022 01:56:44 PM Loop Swap Page Stop Pending240 Second
01/24/2022 02:00:34 PM Loop Swap Page Start
01/24/2022 02:00:47 PM Loop Swap Page Stop Pending240 Second
01/24/2022 02:04:37 PM Loop Swap Page Start
01/24/2022 02:04:49 PM Loop Swap Page Stop Pending240 Second
01/24/2022 02:08:40 PM Loop Swap Page Start
01/24/2022 02:08:52 PM Loop Swap Page Stop Pending240 Second
01/24/2022 02:12:42 PM Loop Swap Page Start
01/24/2022 02:12:55 PM Loop Swap Page Stop Pending240 Second
01/24/2022 02:16:45 PM Loop Swap Page Start
01/24/2022 02:16:58 PM Loop Swap Page Stop Pending240 Second
01/24/2022 02:20:48 PM Loop Swap Page Start
01/24/2022 02:21:00 PM Loop Swap Page Stop Pending240 Second
01/24/2022 02:24:51 PM Loop Swap Page Start
01/24/2022 02:25:03 PM Loop Swap Page Stop Pending240 Second
01/24/2022 02:28:53 PM Loop Swap Page Start
01/24/2022 02:29:06 PM Loop Swap Page Stop Pending240 Second
01/24/2022 02:32:56 PM Loop Swap Page Start
01/24/2022 02:33:09 PM Loop Swap Page Stop Pending240 Second
01/24/2022 02:36:59 PM Loop Swap Page Start
01/24/2022 02:37:11 PM Loop Swap Page Stop Pending240 Second
01/24/2022 02:41:02 PM Loop Swap Page Start
01/24/2022 02:41:14 PM Loop Swap Page Stop Pending240 Second
01/24/2022 02:45:04 PM Loop Swap Page Start
01/24/2022 02:45:17 PM Loop Swap Page Stop Pending240 Second
01/24/2022 02:49:07 PM Loop Swap Page Start
01/24/2022 02:49:20 PM Loop Swap Page Stop Pending240 Second
01/24/2022 02:50:20 PM Loop Refresh Stamina Start
01/24/2022 02:50:22 PM Select Button Pause Game
01/24/2022 02:50:25 PM Select Button Heroes
01/24/2022 02:50:30 PM Select Button Reset
01/24/2022 02:50:38 PM Select Button All
01/24/2022 02:50:40 PM Go to Game
01/24/2022 02:50:42 PM Loop Refresh Stamina Stop Pending 5400 Second
01/24/2022 02:53:12 PM Loop Swap Page Start
01/24/2022 02:53:25 PM Loop Swap Page Stop Pending240 Second
01/24/2022 02:57:15 PM Loop Swap Page Start
01/24/2022 02:57:27 PM Loop Swap Page Stop Pending240 Second
01/24/2022 03:01:18 PM Loop Swap Page Start
01/24/2022 03:01:30 PM Loop Swap Page Stop Pending240 Second
01/24/2022 03:05:20 PM Loop Swap Page Start
01/24/2022 03:05:33 PM Loop Swap Page Stop Pending240 Second
01/24/2022 03:09:23 PM Loop Swap Page Start
01/24/2022 03:09:36 PM Loop Swap Page Stop Pending240 Second
01/24/2022 03:13:26 PM Loop Swap Page Start
01/24/2022 03:13:38 PM Loop Swap Page Stop Pending240 Second
01/24/2022 03:17:29 PM Loop Swap Page Start
01/24/2022 03:17:41 PM Loop Swap Page Stop Pending240 Second
01/24/2022 03:21:31 PM Loop Swap Page Start
01/24/2022 03:21:44 PM Loop Swap Page Stop Pending240 Second
01/24/2022 10:34:04 PM Loop Swap Page Start
01/24/2022 10:34:17 PM Loop Swap Page Stop Pending240 Second
01/24/2022 10:34:17 PM Loop Refresh Stamina Start
01/24/2022 10:34:19 PM Select Button Pause Game
01/24/2022 10:34:22 PM Select Button Heroes
01/24/2022 10:34:27 PM Select Button Reset
01/24/2022 10:34:40 PM Loop Swap Page Start
01/24/2022 10:34:53 PM Loop Swap Page Stop Pending240 Second
01/24/2022 10:34:53 PM Loop Refresh Stamina Start
01/24/2022 10:34:55 PM Select Button Pause Game
01/24/2022 10:34:58 PM Select Button Heroes
01/24/2022 10:35:04 PM Select Button Reset
01/24/2022 10:35:11 PM Select Button All
01/24/2022 10:35:13 PM Go to Game
01/24/2022 10:35:15 PM Loop Refresh Stamina Stop Pending 5400 Second
01/24/2022 10:36:09 PM Loop Swap Page Start
01/24/2022 10:36:19 PM Loop Swap Page Start
01/24/2022 10:39:17 PM Loop Swap Page Start
01/24/2022 10:39:30 PM Loop Swap Page Stop Pending240 Second
01/24/2022 10:39:30 PM Loop Refresh Stamina Start
01/24/2022 10:39:32 PM Select Button Pause Game
01/24/2022 10:39:36 PM Select Button Heroes
01/24/2022 10:39:41 PM Select Button Reset
01/24/2022 10:39:48 PM Select Button All
01/24/2022 10:39:50 PM Go to Game
01/24/2022 10:39:52 PM Loop Refresh Stamina Stop Pending 5400 Second
01/24/2022 10:43:23 PM Loop Swap Page Start
01/24/2022 10:43:35 PM Loop Swap Page Stop Pending240 Second
01/24/2022 10:47:25 PM Loop Swap Page Start
01/24/2022 10:47:38 PM Loop Swap Page Stop Pending240 Second
01/24/2022 10:51:28 PM Loop Swap Page Start
01/24/2022 10:51:41 PM Loop Swap Page Stop Pending240 Second
01/24/2022 10:55:31 PM Loop Swap Page Start
01/24/2022 10:55:44 PM Loop Swap Page Stop Pending240 Second
01/24/2022 10:59:34 PM Loop Swap Page Start
01/24/2022 10:59:46 PM Loop Swap Page Stop Pending240 Second
01/24/2022 11:03:37 PM Loop Swap Page Start
01/24/2022 11:03:49 PM Loop Swap Page Stop Pending240 Second
01/24/2022 11:07:39 PM Loop Swap Page Start
01/24/2022 11:07:52 PM Loop Swap Page Stop Pending240 Second
01/24/2022 11:11:42 PM Loop Swap Page Start
01/24/2022 11:11:55 PM Loop Swap Page Stop Pending240 Second
01/24/2022 11:15:45 PM Loop Swap Page Start
01/24/2022 11:15:57 PM Loop Swap Page Stop Pending240 Second
01/24/2022 11:19:48 PM Loop Swap Page Start
01/24/2022 11:20:00 PM Loop Swap Page Stop Pending240 Second
01/24/2022 11:23:51 PM Loop Swap Page Start
01/24/2022 11:24:03 PM Loop Swap Page Stop Pending240 Second
01/24/2022 11:27:53 PM Loop Swap Page Start
01/24/2022 11:28:06 PM Loop Swap Page Stop Pending240 Second
01/24/2022 11:31:56 PM Loop Swap Page Start
01/24/2022 11:32:09 PM Loop Swap Page Stop Pending240 Second
01/24/2022 11:35:59 PM Loop Swap Page Start
01/24/2022 11:36:11 PM Loop Swap Page Stop Pending240 Second
01/24/2022 11:40:02 PM Loop Swap Page Start
01/24/2022 11:40:14 PM Loop Swap Page Stop Pending240 Second
01/24/2022 11:44:04 PM Loop Swap Page Start
01/24/2022 11:44:17 PM Loop Swap Page Stop Pending240 Second
01/24/2022 11:48:07 PM Loop Swap Page Start
01/24/2022 11:48:20 PM Loop Swap Page Stop Pending240 Second
01/24/2022 11:52:10 PM Loop Swap Page Start
01/24/2022 11:52:23 PM Loop Swap Page Stop Pending240 Second
01/24/2022 11:56:13 PM Loop Swap Page Start
01/24/2022 11:56:25 PM Loop Swap Page Stop Pending240 Second
01/25/2022 12:00:15 AM Loop Swap Page Start
01/25/2022 12:00:28 AM Loop Swap Page Stop Pending240 Second
01/25/2022 12:04:18 AM Loop Swap Page Start
01/25/2022 12:04:31 AM Loop Swap Page Stop Pending240 Second
01/25/2022 12:08:21 AM Loop Swap Page Start
01/25/2022 12:08:34 AM Loop Swap Page Stop Pending240 Second
01/25/2022 12:09:34 AM Loop Refresh Stamina Start
01/25/2022 12:09:36 AM Select Button Pause Game
01/25/2022 12:09:39 AM Select Button Heroes
01/25/2022 12:09:44 AM Select Button Reset
01/25/2022 12:09:52 AM Select Button All
01/25/2022 12:09:54 AM Go to Game
01/25/2022 12:09:56 AM Loop Refresh Stamina Stop Pending 5400 Second
01/25/2022 12:12:26 AM Loop Swap Page Start
01/25/2022 12:12:39 AM Loop Swap Page Stop Pending240 Second
01/25/2022 12:16:29 AM Loop Swap Page Start
01/25/2022 12:16:42 AM Loop Swap Page Stop Pending240 Second
01/25/2022 12:20:32 AM Loop Swap Page Start
01/25/2022 12:20:44 AM Loop Swap Page Stop Pending240 Second
01/25/2022 12:24:34 AM Loop Swap Page Start
01/25/2022 12:24:47 AM Loop Swap Page Stop Pending240 Second
01/25/2022 12:28:37 AM Loop Swap Page Start
01/25/2022 12:28:50 AM Loop Swap Page Stop Pending240 Second
01/25/2022 12:32:40 AM Loop Swap Page Start
01/25/2022 12:32:53 AM Loop Swap Page Stop Pending240 Second
01/25/2022 12:36:43 AM Loop Swap Page Start
01/25/2022 12:36:55 AM Loop Swap Page Stop Pending240 Second
01/25/2022 12:40:46 AM Loop Swap Page Start
01/25/2022 12:40:58 AM Loop Swap Page Stop Pending240 Second
01/25/2022 12:44:48 AM Loop Swap Page Start
01/25/2022 12:45:01 AM Loop Swap Page Stop Pending240 Second
01/25/2022 12:48:51 AM Loop Swap Page Start
01/25/2022 12:49:04 AM Loop Swap Page Stop Pending240 Second
01/25/2022 12:52:54 AM Loop Swap Page Start
01/25/2022 12:53:06 AM Loop Swap Page Stop Pending240 Second
01/25/2022 12:56:57 AM Loop Swap Page Start
01/25/2022 12:57:09 AM Loop Swap Page Stop Pending240 Second
01/25/2022 01:00:59 AM Loop Swap Page Start
01/25/2022 01:01:12 AM Loop Swap Page Stop Pending240 Second
01/25/2022 01:05:02 AM Loop Swap Page Start
01/25/2022 01:05:15 AM Loop Swap Page Stop Pending240 Second
01/25/2022 01:09:05 AM Loop Swap Page Start
01/25/2022 01:09:17 AM Loop Swap Page Stop Pending240 Second
01/25/2022 01:13:08 AM Loop Swap Page Start
01/25/2022 01:13:20 AM Loop Swap Page Stop Pending240 Second
01/25/2022 01:17:10 AM Loop Swap Page Start
01/25/2022 01:17:23 AM Loop Swap Page Stop Pending240 Second
01/25/2022 01:21:13 AM Loop Swap Page Start
01/25/2022 01:21:26 AM Loop Swap Page Stop Pending240 Second
01/25/2022 01:25:16 AM Loop Swap Page Start
01/25/2022 01:25:29 AM Loop Swap Page Stop Pending240 Second
01/25/2022 01:29:19 AM Loop Swap Page Start
01/25/2022 01:29:31 AM Loop Swap Page Stop Pending240 Second
01/25/2022 01:33:22 AM Loop Swap Page Start
01/25/2022 01:33:34 AM Loop Swap Page Stop Pending240 Second
01/25/2022 01:37:24 AM Loop Swap Page Start
01/25/2022 01:37:37 AM Loop Swap Page Stop Pending240 Second
01/25/2022 01:39:37 AM Loop Refresh Stamina Start
01/25/2022 01:39:39 AM Select Button Pause Game
01/25/2022 01:39:42 AM Select Button Heroes
01/25/2022 01:39:48 AM Select Button Reset
01/25/2022 01:39:55 AM Select Button All
01/25/2022 01:39:57 AM Go to Game
01/25/2022 01:39:59 AM Loop Refresh Stamina Stop Pending 5400 Second
01/25/2022 01:41:29 AM Loop Swap Page Start
01/25/2022 01:41:42 AM Loop Swap Page Stop Pending240 Second
01/25/2022 01:45:32 AM Loop Swap Page Start
01/25/2022 01:45:45 AM Loop Swap Page Stop Pending240 Second
01/25/2022 01:49:35 AM Loop Swap Page Start
01/25/2022 01:49:48 AM Loop Swap Page Stop Pending240 Second
01/25/2022 01:53:38 AM Loop Swap Page Start
01/25/2022 01:53:50 AM Loop Swap Page Stop Pending240 Second
01/25/2022 01:57:41 AM Loop Swap Page Start
01/25/2022 01:57:53 AM Loop Swap Page Stop Pending240 Second
01/25/2022 02:01:43 AM Loop Swap Page Start
01/25/2022 02:01:56 AM Loop Swap Page Stop Pending240 Second
01/25/2022 02:05:46 AM Loop Swap Page Start
01/25/2022 02:05:59 AM Loop Swap Page Stop Pending240 Second
01/25/2022 02:09:49 AM Loop Swap Page Start
01/25/2022 02:10:01 AM Loop Swap Page Stop Pending240 Second
01/25/2022 02:13:52 AM Loop Swap Page Start
01/25/2022 02:14:04 AM Loop Swap Page Stop Pending240 Second
01/25/2022 02:17:54 AM Loop Swap Page Start
01/25/2022 02:18:07 AM Loop Swap Page Stop Pending240 Second
01/25/2022 02:21:57 AM Loop Swap Page Start
01/25/2022 02:22:10 AM Loop Swap Page Stop Pending240 Second
01/25/2022 02:26:00 AM Loop Swap Page Start
01/25/2022 02:26:12 AM Loop Swap Page Stop Pending240 Second
01/25/2022 02:30:03 AM Loop Swap Page Start
01/25/2022 02:30:15 AM Loop Swap Page Stop Pending240 Second
01/25/2022 02:34:05 AM Loop Swap Page Start
01/25/2022 02:34:18 AM Loop Swap Page Stop Pending240 Second
01/25/2022 02:38:08 AM Loop Swap Page Start
01/25/2022 02:38:21 AM Loop Swap Page Stop Pending240 Second
01/25/2022 02:42:11 AM Loop Swap Page Start
01/25/2022 02:42:23 AM Loop Swap Page Stop Pending240 Second
01/25/2022 02:46:14 AM Loop Swap Page Start
01/25/2022 02:46:26 AM Loop Swap Page Stop Pending240 Second
01/25/2022 02:50:16 AM Loop Swap Page Start
01/25/2022 02:50:29 AM Loop Swap Page Stop Pending240 Second
01/25/2022 02:54:19 AM Loop Swap Page Start
01/25/2022 02:54:32 AM Loop Swap Page Stop Pending240 Second
01/25/2022 02:58:22 AM Loop Swap Page Start
01/25/2022 02:58:35 AM Loop Swap Page Stop Pending240 Second
01/25/2022 03:02:25 AM Loop Swap Page Start
01/25/2022 03:02:37 AM Loop Swap Page Stop Pending240 Second
01/25/2022 03:06:28 AM Loop Swap Page Start
01/25/2022 03:06:40 AM Loop Swap Page Stop Pending240 Second
01/25/2022 03:09:40 AM Loop Refresh Stamina Start
01/25/2022 03:09:43 AM Select Button Pause Game
01/25/2022 03:09:46 AM Select Button Heroes
01/25/2022 03:09:51 AM Select Button Reset
01/25/2022 03:09:58 AM Select Button All
01/25/2022 03:10:01 AM Go to Game
01/25/2022 03:10:03 AM Loop Refresh Stamina Stop Pending 5400 Second
01/25/2022 03:10:33 AM Loop Swap Page Start
01/25/2022 03:10:45 AM Loop Swap Page Stop Pending240 Second
01/25/2022 03:14:36 AM Loop Swap Page Start
01/25/2022 03:14:48 AM Loop Swap Page Stop Pending240 Second
01/25/2022 03:18:38 AM Loop Swap Page Start
01/25/2022 03:18:51 AM Loop Swap Page Stop Pending240 Second
01/25/2022 03:22:41 AM Loop Swap Page Start
01/25/2022 03:22:54 AM Loop Swap Page Stop Pending240 Second
01/25/2022 03:26:44 AM Loop Swap Page Start
01/25/2022 03:26:56 AM Loop Swap Page Stop Pending240 Second
01/25/2022 03:30:46 AM Loop Swap Page Start
01/25/2022 03:30:59 AM Loop Swap Page Stop Pending240 Second
01/25/2022 03:34:49 AM Loop Swap Page Start
01/25/2022 03:35:02 AM Loop Swap Page Stop Pending240 Second
01/25/2022 03:38:52 AM Loop Swap Page Start
01/25/2022 03:39:05 AM Loop Swap Page Stop Pending240 Second
01/25/2022 03:42:55 AM Loop Swap Page Start
01/25/2022 03:43:07 AM Loop Swap Page Stop Pending240 Second
01/25/2022 03:46:58 AM Loop Swap Page Start
01/25/2022 03:47:10 AM Loop Swap Page Stop Pending240 Second
01/25/2022 03:51:00 AM Loop Swap Page Start
01/25/2022 03:51:13 AM Loop Swap Page Stop Pending240 Second
01/25/2022 03:55:03 AM Loop Swap Page Start
01/25/2022 03:55:16 AM Loop Swap Page Stop Pending240 Second
01/25/2022 03:59:06 AM Loop Swap Page Start
01/25/2022 03:59:19 AM Loop Swap Page Stop Pending240 Second
01/25/2022 04:03:09 AM Loop Swap Page Start
01/25/2022 04:03:21 AM Loop Swap Page Stop Pending240 Second
01/25/2022 04:07:12 AM Loop Swap Page Start
01/25/2022 04:07:24 AM Loop Swap Page Stop Pending240 Second
01/25/2022 04:11:14 AM Loop Swap Page Start
01/25/2022 04:11:27 AM Loop Swap Page Stop Pending240 Second
01/25/2022 04:15:17 AM Loop Swap Page Start
01/25/2022 04:15:30 AM Loop Swap Page Stop Pending240 Second
01/25/2022 04:19:20 AM Loop Swap Page Start
01/25/2022 04:19:33 AM Loop Swap Page Stop Pending240 Second
01/25/2022 04:23:23 AM Loop Swap Page Start
01/25/2022 04:23:35 AM Loop Swap Page Stop Pending240 Second
01/25/2022 04:27:26 AM Loop Swap Page Start
01/25/2022 04:27:38 AM Loop Swap Page Stop Pending240 Second
01/25/2022 04:31:28 AM Loop Swap Page Start
01/25/2022 04:31:41 AM Loop Swap Page Stop Pending240 Second
01/25/2022 04:35:31 AM Loop Swap Page Start
01/25/2022 04:35:44 AM Loop Swap Page Stop Pending240 Second
01/25/2022 04:39:34 AM Loop Swap Page Start
01/25/2022 04:39:47 AM Loop Swap Page Stop Pending240 Second
01/25/2022 04:39:47 AM Loop Refresh Stamina Start
01/25/2022 04:39:49 AM Select Button Pause Game
01/25/2022 04:39:52 AM Select Button Heroes
01/25/2022 04:39:57 AM Select Button Reset
01/25/2022 04:40:05 AM Select Button All
01/25/2022 04:40:07 AM Go to Game
01/25/2022 04:40:09 AM Loop Refresh Stamina Stop Pending 5400 Second
01/25/2022 04:43:39 AM Loop Swap Page Start
01/25/2022 04:43:52 AM Loop Swap Page Stop Pending240 Second
01/25/2022 04:47:42 AM Loop Swap Page Start
01/25/2022 04:47:55 AM Loop Swap Page Stop Pending240 Second
01/25/2022 04:51:45 AM Loop Swap Page Start
01/25/2022 04:51:58 AM Loop Swap Page Stop Pending240 Second
01/25/2022 04:55:48 AM Loop Swap Page Start
01/25/2022 04:56:00 AM Loop Swap Page Stop Pending240 Second
01/25/2022 04:59:51 AM Loop Swap Page Start
01/25/2022 05:00:03 AM Loop Swap Page Stop Pending240 Second
01/25/2022 05:03:53 AM Loop Swap Page Start
01/25/2022 05:04:05 AM Loop Swap Page Stop Pending240 Second
01/25/2022 05:07:56 AM Loop Swap Page Start
01/25/2022 05:08:08 AM Loop Swap Page Stop Pending240 Second
01/25/2022 05:11:58 AM Loop Swap Page Start
01/25/2022 05:12:11 AM Loop Swap Page Stop Pending240 Second
01/25/2022 05:16:01 AM Loop Swap Page Start
01/25/2022 05:16:13 AM Loop Swap Page Stop Pending240 Second
01/25/2022 05:20:03 AM Loop Swap Page Start
01/25/2022 05:20:16 AM Loop Swap Page Stop Pending240 Second
01/25/2022 05:24:06 AM Loop Swap Page Start
01/25/2022 05:24:18 AM Loop Swap Page Stop Pending240 Second
01/25/2022 05:28:09 AM Loop Swap Page Start
01/25/2022 05:28:21 AM Loop Swap Page Stop Pending240 Second
01/25/2022 05:32:11 AM Loop Swap Page Start
01/25/2022 05:32:24 AM Loop Swap Page Stop Pending240 Second
01/25/2022 05:36:14 AM Loop Swap Page Start
01/25/2022 05:36:26 AM Loop Swap Page Stop Pending240 Second
01/25/2022 05:40:16 AM Loop Swap Page Start
01/25/2022 05:40:29 AM Loop Swap Page Stop Pending240 Second
01/25/2022 05:44:19 AM Loop Swap Page Start
01/25/2022 05:44:31 AM Loop Swap Page Stop Pending240 Second
01/25/2022 05:48:21 AM Loop Swap Page Start
01/25/2022 05:48:34 AM Loop Swap Page Stop Pending240 Second
01/25/2022 05:52:24 AM Loop Swap Page Start
01/25/2022 05:52:37 AM Loop Swap Page Stop Pending240 Second
01/25/2022 05:56:27 AM Loop Swap Page Start
01/25/2022 05:56:39 AM Loop Swap Page Stop Pending240 Second
01/25/2022 06:00:29 AM Loop Swap Page Start
01/25/2022 06:00:42 AM Loop Swap Page Stop Pending240 Second
01/25/2022 06:04:32 AM Loop Swap Page Start
01/25/2022 06:04:44 AM Loop Swap Page Stop Pending240 Second
01/25/2022 06:08:34 AM Loop Swap Page Start
01/25/2022 06:08:47 AM Loop Swap Page Stop Pending240 Second
01/25/2022 06:09:47 AM Loop Refresh Stamina Start
01/25/2022 06:09:49 AM Select Button Pause Game
01/25/2022 06:09:52 AM Select Button Heroes
01/25/2022 06:09:57 AM Select Button Reset
01/25/2022 06:10:04 AM Select Button All
01/25/2022 06:10:07 AM Go to Game
01/25/2022 06:10:09 AM Loop Refresh Stamina Stop Pending 5400 Second
01/25/2022 06:12:39 AM Loop Swap Page Start
01/25/2022 06:12:51 AM Loop Swap Page Stop Pending240 Second
01/25/2022 06:16:41 AM Loop Swap Page Start
01/25/2022 06:16:54 AM Loop Swap Page Stop Pending240 Second
01/25/2022 06:20:44 AM Loop Swap Page Start
01/25/2022 06:20:56 AM Loop Swap Page Stop Pending240 Second
01/25/2022 06:24:47 AM Loop Swap Page Start
01/25/2022 06:24:59 AM Loop Swap Page Stop Pending240 Second
01/25/2022 06:28:49 AM Loop Swap Page Start
01/25/2022 06:29:02 AM Loop Swap Page Stop Pending240 Second
01/25/2022 06:32:52 AM Loop Swap Page Start
01/25/2022 06:33:04 AM Loop Swap Page Stop Pending240 Second
01/25/2022 06:36:54 AM Loop Swap Page Start
01/25/2022 06:37:07 AM Loop Swap Page Stop Pending240 Second
01/25/2022 06:40:57 AM Loop Swap Page Start
01/25/2022 06:41:09 AM Loop Swap Page Stop Pending240 Second
01/25/2022 06:44:59 AM Loop Swap Page Start
01/25/2022 06:45:12 AM Loop Swap Page Stop Pending240 Second
01/25/2022 06:49:02 AM Loop Swap Page Start
01/25/2022 06:49:14 AM Loop Swap Page Stop Pending240 Second
01/25/2022 06:53:05 AM Loop Swap Page Start
01/25/2022 06:53:17 AM Loop Swap Page Stop Pending240 Second
01/25/2022 06:57:07 AM Loop Swap Page Start
01/25/2022 06:57:20 AM Loop Swap Page Stop Pending240 Second
01/25/2022 07:01:10 AM Loop Swap Page Start
01/25/2022 07:01:22 AM Loop Swap Page Stop Pending240 Second
01/25/2022 07:05:12 AM Loop Swap Page Start
01/25/2022 07:05:25 AM Loop Swap Page Stop Pending240 Second
01/25/2022 07:09:15 AM Loop Swap Page Start
01/25/2022 07:09:27 AM Loop Swap Page Stop Pending240 Second
01/25/2022 07:13:17 AM Loop Swap Page Start
01/25/2022 07:13:30 AM Loop Swap Page Stop Pending240 Second
01/25/2022 07:17:20 AM Loop Swap Page Start
01/25/2022 07:17:32 AM Loop Swap Page Stop Pending240 Second
01/25/2022 07:21:23 AM Loop Swap Page Start
01/25/2022 07:21:35 AM Loop Swap Page Stop Pending240 Second
01/25/2022 07:25:25 AM Loop Swap Page Start
01/25/2022 07:25:38 AM Loop Swap Page Stop Pending240 Second
01/25/2022 07:29:28 AM Loop Swap Page Start
01/25/2022 07:29:40 AM Loop Swap Page Stop Pending240 Second
01/25/2022 07:33:30 AM Loop Swap Page Start
01/25/2022 07:33:43 AM Loop Swap Page Stop Pending240 Second
01/25/2022 07:37:33 AM Loop Swap Page Start
01/25/2022 07:37:45 AM Loop Swap Page Stop Pending240 Second
01/25/2022 07:39:55 AM Loop Refresh Stamina Start
01/25/2022 07:39:58 AM Select Button Pause Game
01/25/2022 07:40:01 AM Select Button Heroes
01/25/2022 07:40:06 AM Select Button Reset
01/25/2022 07:40:13 AM Select Button All
01/25/2022 07:40:15 AM Go to Game
01/25/2022 07:40:17 AM Loop Refresh Stamina Stop Pending 5400 Second
01/25/2022 07:41:38 AM Loop Swap Page Start
01/25/2022 07:41:50 AM Loop Swap Page Stop Pending240 Second
01/25/2022 07:45:40 AM Loop Swap Page Start
01/25/2022 07:45:52 AM Loop Swap Page Stop Pending240 Second
01/25/2022 07:49:43 AM Loop Swap Page Start
01/25/2022 07:49:55 AM Loop Swap Page Stop Pending240 Second
01/25/2022 07:53:45 AM Loop Swap Page Start
01/25/2022 07:53:58 AM Loop Swap Page Stop Pending240 Second
01/25/2022 07:57:48 AM Loop Swap Page Start
01/25/2022 07:58:00 AM Loop Swap Page Stop Pending240 Second
01/25/2022 08:01:50 AM Loop Swap Page Start
01/25/2022 08:02:03 AM Loop Swap Page Stop Pending240 Second
01/25/2022 08:05:53 AM Loop Swap Page Start
01/25/2022 08:06:05 AM Loop Swap Page Stop Pending240 Second
01/25/2022 08:09:55 AM Loop Swap Page Start
01/25/2022 08:10:08 AM Loop Swap Page Stop Pending240 Second
01/25/2022 08:13:58 AM Loop Swap Page Start
01/25/2022 08:14:10 AM Loop Swap Page Stop Pending240 Second
01/25/2022 08:18:01 AM Loop Swap Page Start
01/25/2022 08:18:13 AM Loop Swap Page Stop Pending240 Second
01/25/2022 08:22:03 AM Loop Swap Page Start
01/25/2022 08:22:16 AM Loop Swap Page Stop Pending240 Second
01/25/2022 08:26:06 AM Loop Swap Page Start
01/25/2022 08:26:18 AM Loop Swap Page Stop Pending240 Second
01/25/2022 08:30:08 AM Loop Swap Page Start
01/25/2022 08:30:21 AM Loop Swap Page Stop Pending240 Second
01/25/2022 08:34:11 AM Loop Swap Page Start
01/25/2022 08:34:23 AM Loop Swap Page Stop Pending240 Second
01/25/2022 08:38:13 AM Loop Swap Page Start
01/25/2022 08:38:26 AM Loop Swap Page Stop Pending240 Second
01/25/2022 08:42:16 AM Loop Swap Page Start
01/25/2022 08:42:28 AM Loop Swap Page Stop Pending240 Second
01/25/2022 08:46:19 AM Loop Swap Page Start
01/25/2022 08:46:31 AM Loop Swap Page Stop Pending240 Second
01/25/2022 08:50:21 AM Loop Swap Page Start
01/25/2022 08:50:34 AM Loop Swap Page Stop Pending240 Second
01/25/2022 08:54:24 AM Loop Swap Page Start
01/25/2022 08:54:36 AM Loop Swap Page Stop Pending240 Second
01/25/2022 08:58:26 AM Loop Swap Page Start
01/25/2022 08:58:39 AM Loop Swap Page Stop Pending240 Second
01/25/2022 09:02:29 AM Loop Swap Page Start
01/25/2022 09:02:41 AM Loop Swap Page Stop Pending240 Second
01/25/2022 09:06:32 AM Loop Swap Page Start
01/25/2022 09:06:44 AM Loop Swap Page Stop Pending240 Second
01/25/2022 09:10:04 AM Loop Refresh Stamina Start
01/25/2022 09:10:07 AM Select Button Pause Game
01/25/2022 09:10:10 AM Select Button Heroes
01/25/2022 09:10:15 AM Select Button Reset
01/25/2022 09:10:22 AM Select Button All
01/25/2022 09:10:24 AM Go to Game
01/25/2022 09:10:27 AM Loop Refresh Stamina Stop Pending 5400 Second
01/25/2022 09:10:37 AM Loop Swap Page Start
01/25/2022 09:10:49 AM Loop Swap Page Stop Pending240 Second
01/25/2022 09:14:39 AM Loop Swap Page Start
01/25/2022 09:14:52 AM Loop Swap Page Stop Pending240 Second
01/25/2022 09:18:42 AM Loop Swap Page Start
01/25/2022 09:18:55 AM Loop Swap Page Stop Pending240 Second
01/25/2022 09:22:45 AM Loop Swap Page Start
01/25/2022 09:22:58 AM Loop Swap Page Stop Pending240 Second
01/25/2022 09:26:48 AM Loop Swap Page Start
01/25/2022 09:27:00 AM Loop Swap Page Stop Pending240 Second
01/25/2022 09:30:50 AM Loop Swap Page Start
01/25/2022 09:31:03 AM Loop Swap Page Stop Pending240 Second
01/25/2022 09:34:53 AM Loop Swap Page Start
01/25/2022 09:35:06 AM Loop Swap Page Stop Pending240 Second
01/25/2022 09:38:56 AM Loop Swap Page Start
01/25/2022 09:39:09 AM Loop Swap Page Stop Pending240 Second
01/25/2022 09:42:59 AM Loop Swap Page Start
01/25/2022 09:43:11 AM Loop Swap Page Stop Pending240 Second
01/25/2022 09:47:01 AM Loop Swap Page Start
01/25/2022 09:47:14 AM Loop Swap Page Stop Pending240 Second
01/25/2022 09:51:04 AM Loop Swap Page Start
01/25/2022 09:51:17 AM Loop Swap Page Stop Pending240 Second
01/25/2022 09:55:07 AM Loop Swap Page Start
01/25/2022 09:55:20 AM Loop Swap Page Stop Pending240 Second
01/25/2022 09:59:10 AM Loop Swap Page Start
01/25/2022 09:59:22 AM Loop Swap Page Stop Pending240 Second
01/25/2022 10:03:13 AM Loop Swap Page Start
01/25/2022 10:03:25 AM Loop Swap Page Stop Pending240 Second
01/25/2022 10:07:15 AM Loop Swap Page Start
01/25/2022 10:07:28 AM Loop Swap Page Stop Pending240 Second
01/25/2022 10:11:18 AM Loop Swap Page Start
01/25/2022 10:11:31 AM Loop Swap Page Stop Pending240 Second
01/25/2022 10:15:21 AM Loop Swap Page Start
01/25/2022 10:15:33 AM Loop Swap Page Stop Pending240 Second
01/25/2022 10:19:24 AM Loop Swap Page Start
01/25/2022 10:19:36 AM Loop Swap Page Stop Pending240 Second
01/25/2022 10:23:26 AM Loop Swap Page Start
01/25/2022 10:23:39 AM Loop Swap Page Stop Pending240 Second
01/25/2022 10:27:29 AM Loop Swap Page Start
01/25/2022 10:27:42 AM Loop Swap Page Stop Pending240 Second
01/25/2022 10:31:32 AM Loop Swap Page Start
01/25/2022 10:31:45 AM Loop Swap Page Stop Pending240 Second
01/25/2022 10:35:35 AM Loop Swap Page Start
01/25/2022 10:35:47 AM Loop Swap Page Stop Pending240 Second
01/25/2022 10:39:37 AM Loop Swap Page Start
01/25/2022 10:39:50 AM Loop Swap Page Stop Pending240 Second
01/25/2022 10:40:10 AM Loop Refresh Stamina Start
01/25/2022 10:40:12 AM Select Button Pause Game
01/25/2022 10:40:15 AM Select Button Heroes
01/25/2022 10:40:21 AM Select Button Reset
01/25/2022 10:40:28 AM Select Button All
01/25/2022 10:40:30 AM Go to Game
01/25/2022 10:40:32 AM Loop Refresh Stamina Stop Pending 5400 Second
01/25/2022 10:43:42 AM Loop Swap Page Start
01/25/2022 10:43:55 AM Loop Swap Page Stop Pending240 Second
01/25/2022 10:47:45 AM Loop Swap Page Start
01/25/2022 10:47:58 AM Loop Swap Page Stop Pending240 Second
01/25/2022 10:51:48 AM Loop Swap Page Start
01/25/2022 10:52:00 AM Loop Swap Page Stop Pending240 Second
01/25/2022 10:55:51 AM Loop Swap Page Start
01/25/2022 10:56:03 AM Loop Swap Page Stop Pending240 Second
01/25/2022 10:59:53 AM Loop Swap Page Start
01/25/2022 11:00:06 AM Loop Swap Page Stop Pending240 Second
01/25/2022 11:03:56 AM Loop Swap Page Start
01/25/2022 11:04:10 AM Loop Swap Page Stop Pending240 Second
01/25/2022 11:08:00 AM Loop Swap Page Start
01/25/2022 11:08:13 AM Loop Swap Page Stop Pending240 Second
01/25/2022 11:12:03 AM Loop Swap Page Start
01/25/2022 11:12:15 AM Loop Swap Page Stop Pending240 Second
01/25/2022 11:16:06 AM Loop Swap Page Start
01/25/2022 11:16:18 AM Loop Swap Page Stop Pending240 Second
01/25/2022 11:20:08 AM Loop Swap Page Start
01/25/2022 11:20:21 AM Loop Swap Page Stop Pending240 Second
01/25/2022 11:24:11 AM Loop Swap Page Start
01/25/2022 11:24:24 AM Loop Swap Page Stop Pending240 Second
01/25/2022 11:28:14 AM Loop Swap Page Start
01/25/2022 11:28:27 AM Loop Swap Page Stop Pending240 Second
01/25/2022 11:32:17 AM Loop Swap Page Start
01/25/2022 11:32:29 AM Loop Swap Page Stop Pending240 Second
01/25/2022 11:36:20 AM Loop Swap Page Start
01/25/2022 11:36:32 AM Loop Swap Page Stop Pending240 Second
01/25/2022 11:40:22 AM Loop Swap Page Start
01/25/2022 11:40:35 AM Loop Swap Page Stop Pending240 Second
01/25/2022 11:44:25 AM Loop Swap Page Start
01/25/2022 11:44:38 AM Loop Swap Page Stop Pending240 Second
01/25/2022 11:48:28 AM Loop Swap Page Start
01/25/2022 11:48:40 AM Loop Swap Page Stop Pending240 Second
01/25/2022 11:52:31 AM Loop Swap Page Start
01/25/2022 11:52:43 AM Loop Swap Page Stop Pending240 Second
01/25/2022 11:56:33 AM Loop Swap Page Start
01/25/2022 11:56:46 AM Loop Swap Page Stop Pending240 Second
01/25/2022 12:00:36 PM Loop Swap Page Start
01/25/2022 12:00:49 PM Loop Swap Page Stop Pending240 Second
01/25/2022 12:04:39 PM Loop Swap Page Start
01/25/2022 12:04:51 PM Loop Swap Page Stop Pending240 Second
01/25/2022 12:08:42 PM Loop Swap Page Start
01/25/2022 12:08:54 PM Loop Swap Page Stop Pending240 Second
01/25/2022 12:10:14 PM Loop Refresh Stamina Start
01/25/2022 12:10:16 PM Select Button Pause Game
01/25/2022 12:10:20 PM Select Button Heroes
01/25/2022 12:10:25 PM Select Button Reset
01/25/2022 12:10:32 PM Select Button All
01/25/2022 12:10:34 PM Go to Game
01/25/2022 12:10:37 PM Loop Refresh Stamina Stop Pending 5400 Second
01/25/2022 12:12:47 PM Loop Swap Page Start
01/25/2022 12:12:59 PM Loop Swap Page Stop Pending240 Second
01/25/2022 12:16:49 PM Loop Swap Page Start
01/25/2022 12:17:02 PM Loop Swap Page Stop Pending240 Second
01/25/2022 12:20:52 PM Loop Swap Page Start
01/25/2022 12:21:05 PM Loop Swap Page Stop Pending240 Second
